  TenthLaboratory.cpp
C:\Applications\SRF_Repos\Repos\Rainbows\OpenCVApplication-VS2017_OCV340_basic\TenthLaboratory.cpp(89,24): warning C4305: 'initializing': truncation from 'double' to 'float'
C:\Applications\SRF_Repos\Repos\Rainbows\OpenCVApplication-VS2017_OCV340_basic\TenthLaboratory.cpp(91,27): warning C4305: 'initializing': truncation from 'double' to 'float'
C:\Applications\SRF_Repos\Repos\Rainbows\OpenCVApplication-VS2017_OCV340_basic\TenthLaboratory.cpp(92,18): warning C4244: 'initializing': conversion from 'double' to 'int', possible loss of data
C:\Applications\SRF_Repos\Repos\Rainbows\OpenCVApplication-VS2017_OCV340_basic\TenthLaboratory.cpp(135,24): warning C4305: 'initializing': truncation from 'double' to 'float'
C:\Applications\SRF_Repos\Repos\Rainbows\OpenCVApplication-VS2017_OCV340_basic\TenthLaboratory.cpp(137,27): warning C4305: 'initializing': truncation from 'double' to 'float'
C:\Applications\SRF_Repos\Repos\Rainbows\OpenCVApplication-VS2017_OCV340_basic\TenthLaboratory.cpp(138,18): warning C4244: 'initializing': conversion from 'double' to 'int', possible loss of data
C:\Applications\SRF_Repos\Repos\Rainbows\OpenCVApplication-VS2017_OCV340_basic\TenthLaboratory.cpp(142,32): warning C4305: '=': truncation from 'double' to '_Tp'
          with
          [
              _Tp=float
          ]
C:\Applications\SRF_Repos\Repos\Rainbows\OpenCVApplication-VS2017_OCV340_basic\TenthLaboratory.cpp(197,13): warning C4244: 'initializing': conversion from 'double' to 'float', possible loss of data
C:\Applications\SRF_Repos\Repos\Rainbows\OpenCVApplication-VS2017_OCV340_basic\TenthLaboratory.cpp(198,13): warning C4244: 'initializing': conversion from 'double' to 'float', possible loss of data
C:\Applications\SRF_Repos\Repos\Rainbows\OpenCVApplication-VS2017_OCV340_basic\TenthLaboratory.cpp(205,17): warning C4244: '=': conversion from 'float' to 'int', possible loss of data
C:\Applications\SRF_Repos\Repos\Rainbows\OpenCVApplication-VS2017_OCV340_basic\TenthLaboratory.cpp(206,28): warning C4244: '=': conversion from 'float' to 'int', possible loss of data
C:\Applications\SRF_Repos\Repos\Rainbows\OpenCVApplication-VS2017_OCV340_basic\TenthLaboratory.cpp(212,17): warning C4244: '=': conversion from 'float' to 'int', possible loss of data
C:\Applications\SRF_Repos\Repos\Rainbows\OpenCVApplication-VS2017_OCV340_basic\TenthLaboratory.cpp(213,28): warning C4244: '=': conversion from 'float' to 'int', possible loss of data
  Generating code
  1 of 956 functions ( 0.1%) were compiled, the rest were copied from previous compilation.
    0 functions were new in current compilation
    1 functions had inline decision re-evaluated but remain unchanged
  Finished generating code
  OpenCVApplication.vcxproj -> C:\Applications\SRF_Repos\Repos\Rainbows\OpenCVApplication-VS2017_OCV340_basic\x64\Release\OpenCVApplication.exe
  OpenCV\dll\Release\opencv_ffmpeg340_64.dll
  OpenCV\dll\Release\opencv_world340.dll
          2 file(s) copied.
