c:\applications\srf_repos\repos\rainbows\opencvapplication-vs2017_ocv340_basic\x64\release\opencvapplication.pch
c:\applications\srf_repos\repos\rainbows\opencvapplication-vs2017_ocv340_basic\x64\release\vc142.pdb
c:\applications\srf_repos\repos\rainbows\opencvapplication-vs2017_ocv340_basic\x64\release\stdafx.obj
c:\applications\srf_repos\repos\rainbows\opencvapplication-vs2017_ocv340_basic\x64\release\thirdlaboratory.obj
c:\applications\srf_repos\repos\rainbows\opencvapplication-vs2017_ocv340_basic\x64\release\tenthlaboratory.obj
c:\applications\srf_repos\repos\rainbows\opencvapplication-vs2017_ocv340_basic\x64\release\sixthlaboratory.obj
c:\applications\srf_repos\repos\rainbows\opencvapplication-vs2017_ocv340_basic\x64\release\seventhlaboratory.obj
c:\applications\srf_repos\repos\rainbows\opencvapplication-vs2017_ocv340_basic\x64\release\secondlaboratory.obj
c:\applications\srf_repos\repos\rainbows\opencvapplication-vs2017_ocv340_basic\x64\release\opencvapplication.obj
c:\applications\srf_repos\repos\rainbows\opencvapplication-vs2017_ocv340_basic\x64\release\ninthlaboratory.obj
c:\applications\srf_repos\repos\rainbows\opencvapplication-vs2017_ocv340_basic\x64\release\fourthlaboratory.obj
c:\applications\srf_repos\repos\rainbows\opencvapplication-vs2017_ocv340_basic\x64\release\firstlaboratory.obj
c:\applications\srf_repos\repos\rainbows\opencvapplication-vs2017_ocv340_basic\x64\release\fifthlaboratory.obj
c:\applications\srf_repos\repos\rainbows\opencvapplication-vs2017_ocv340_basic\x64\release\eleventhlaboratory.obj
c:\applications\srf_repos\repos\rainbows\opencvapplication-vs2017_ocv340_basic\x64\release\eightlaboratory.obj
c:\applications\srf_repos\repos\rainbows\opencvapplication-vs2017_ocv340_basic\x64\release\common.obj
c:\applications\srf_repos\repos\rainbows\opencvapplication-vs2017_ocv340_basic\x64\release\simulationproject.obj
c:\applications\srf_repos\repos\rainbows\opencvapplication-vs2017_ocv340_basic\x64\release\opencvapplication.ipdb
c:\applications\srf_repos\repos\rainbows\opencvapplication-vs2017_ocv340_basic\x64\release\opencvapplication.iobj
c:\applications\srf_repos\repos\rainbows\opencvapplication-vs2017_ocv340_basic\x64\release\opencvapplication.res
c:\applications\srf_repos\repos\rainbows\opencvapplication-vs2017_ocv340_basic\x64\release\twelfthlaboratory.obj
c:\applications\srf_repos\repos\rainbows\opencvapplication-vs2017_ocv340_basic\x64\release\opencvapplication.pdb
c:\applications\srf_repos\repos\rainbows\opencvapplication-vs2017_ocv340_basic\x64\release\vc141.pdb
c:\applications\srf_repos\repos\rainbows\opencvapplication-vs2017_ocv340_basic\x64\release\opencvapplication.exe
c:\applications\srf_repos\repos\rainbows\opencvapplication-vs2017_ocv340_basic\x64\release\opencvap.32a91de2.tlog\cl.command.1.tlog
c:\applications\srf_repos\repos\rainbows\opencvapplication-vs2017_ocv340_basic\x64\release\opencvap.32a91de2.tlog\cl.read.1.tlog
c:\applications\srf_repos\repos\rainbows\opencvapplication-vs2017_ocv340_basic\x64\release\opencvap.32a91de2.tlog\cl.write.1.tlog
c:\applications\srf_repos\repos\rainbows\opencvapplication-vs2017_ocv340_basic\x64\release\opencvap.32a91de2.tlog\link.command.1.tlog
c:\applications\srf_repos\repos\rainbows\opencvapplication-vs2017_ocv340_basic\x64\release\opencvap.32a91de2.tlog\link.delete.1.tlog
c:\applications\srf_repos\repos\rainbows\opencvapplication-vs2017_ocv340_basic\x64\release\opencvap.32a91de2.tlog\link.read.1.tlog
c:\applications\srf_repos\repos\rainbows\opencvapplication-vs2017_ocv340_basic\x64\release\opencvap.32a91de2.tlog\link.write.1.tlog
c:\applications\srf_repos\repos\rainbows\opencvapplication-vs2017_ocv340_basic\x64\release\opencvap.32a91de2.tlog\opencvapplication.write.1u.tlog
c:\applications\srf_repos\repos\rainbows\opencvapplication-vs2017_ocv340_basic\x64\release\opencvap.32a91de2.tlog\rc.command.1.tlog
c:\applications\srf_repos\repos\rainbows\opencvapplication-vs2017_ocv340_basic\x64\release\opencvap.32a91de2.tlog\rc.read.1.tlog
c:\applications\srf_repos\repos\rainbows\opencvapplication-vs2017_ocv340_basic\x64\release\opencvap.32a91de2.tlog\rc.write.1.tlog
